  main.cpp
C:\Users\Kirill\source\repos\dopusk2_5\dopusk2_5\main.cpp(95,12): warning C4267: return: преобразование из "size_t" в "int"; возможна потеря данных
C:\Users\Kirill\source\repos\dopusk2_5\dopusk2_5\main.cpp(162,55): warning C4244: аргумент: преобразование "_Ty" в "_Ty", возможна потеря данных
          with
          [
              _Ty=double
          ]
          and
          [
              _Ty=int
          ]
C:\Users\Kirill\source\repos\dopusk2_5\dopusk2_5\main.cpp(249,59): warning C4244: аргумент: преобразование "_Ty" в "_Ty", возможна потеря данных
          with
          [
              _Ty=double
          ]
          and
          [
              _Ty=int
          ]
C:\Users\Kirill\source\repos\dopusk2_5\dopusk2_5\main.cpp(287,30): warning C4267: =: преобразование из "size_t" в "int"; возможна потеря данных
C:\Users\Kirill\source\repos\dopusk2_5\dopusk2_5\main.cpp(309,53): warning C4267: аргумент: преобразование из "size_t" в "_Ty"; возможна потеря данных
          with
          [
              _Ty=int
          ]
  Создание кода
  46 of 561 functions ( 8.2%) were compiled, the rest were copied from previous compilation.
    43 functions were new in current compilation
    69 functions had inline decision re-evaluated but remain unchanged
  Создание кода завершено
  dopusk2_5.vcxproj -> C:\Users\Kirill\source\repos\dopusk2_5\x64\Release\dopusk2_5.exe
